[2025-03-13T08:19:47.126+0000] {manager.py:487} INFO - Processing files using up to 2 processes at a time 
[2025-03-13T08:19:47.129+0000] {manager.py:488} INFO - Process each file at most once every 30 seconds
[2025-03-13T08:19:47.131+0000] {manager.py:489} INFO - Checking for new files in /opt/airflow/dags every 300 seconds
[2025-03-13T08:19:47.131+0000] {manager.py:759} INFO - Searching for files in /opt/airflow/dags
[2025-03-13T08:19:47.135+0000] {manager.py:762} INFO - There are 1 files in /opt/airflow/dags
[2025-03-13T08:19:47.284+0000] {manager.py:893} INFO - 
================================================================================
DAG File Processing Stats

File Path                        PID  Runtime      # DAGs    # Errors  Last Runtime    Last Run
-----------------------------  -----  ---------  --------  ----------  --------------  ----------
/opt/airflow/dags/test_dag.py    177  0.07s             0           0
================================================================================
[2025-03-13T08:20:17.394+0000] {manager.py:893} INFO - 
================================================================================
DAG File Processing Stats

File Path                      PID    Runtime      # DAGs    # Errors  Last Runtime    Last Run
-----------------------------  -----  ---------  --------  ----------  --------------  -------------------
/opt/airflow/dags/test_dag.py                           1           0  0.58s           2025-03-13T08:19:47
================================================================================
[2025-03-13T08:20:48.027+0000] {manager.py:893} INFO - 
================================================================================
DAG File Processing Stats

File Path                      PID    Runtime      # DAGs    # Errors  Last Runtime    Last Run
-----------------------------  -----  ---------  --------  ----------  --------------  -------------------
/opt/airflow/dags/test_dag.py                           1           0  0.14s           2025-03-13T08:20:18
================================================================================
[2025-03-13T08:21:18.239+0000] {manager.py:893} INFO - 
================================================================================
DAG File Processing Stats

File Path                        PID  Runtime      # DAGs    # Errors  Last Runtime    Last Run
-----------------------------  -----  ---------  --------  ----------  --------------  -------------------
/opt/airflow/dags/test_dag.py    213  0.01s             1           0  0.08s           2025-03-13T08:20:48
================================================================================
[2025-03-13T08:21:48.389+0000] {manager.py:893} INFO - 
================================================================================
DAG File Processing Stats

File Path                      PID    Runtime      # DAGs    # Errors  Last Runtime    Last Run
-----------------------------  -----  ---------  --------  ----------  --------------  -------------------
/opt/airflow/dags/test_dag.py                           1           0  0.22s           2025-03-13T08:21:18
================================================================================
[2025-03-13T08:22:18.692+0000] {manager.py:893} INFO - 
================================================================================
DAG File Processing Stats

File Path                      PID    Runtime      # DAGs    # Errors  Last Runtime    Last Run
-----------------------------  -----  ---------  --------  ----------  --------------  -------------------
/opt/airflow/dags/test_dag.py                           1           0  0.20s           2025-03-13T08:21:48
================================================================================
[2025-03-13T08:22:48.962+0000] {manager.py:893} INFO - 
================================================================================
DAG File Processing Stats

File Path                      PID    Runtime      # DAGs    # Errors  Last Runtime    Last Run
-----------------------------  -----  ---------  --------  ----------  --------------  -------------------
/opt/airflow/dags/test_dag.py                           1           0  0.20s           2025-03-13T08:22:19
================================================================================
[2025-03-13T08:23:19.262+0000] {manager.py:893} INFO - 
================================================================================
DAG File Processing Stats

File Path                      PID    Runtime      # DAGs    # Errors  Last Runtime    Last Run
-----------------------------  -----  ---------  --------  ----------  --------------  -------------------
/opt/airflow/dags/test_dag.py                           1           0  0.19s           2025-03-13T08:22:49
================================================================================
[2025-03-13T08:23:49.658+0000] {manager.py:893} INFO - 
================================================================================
DAG File Processing Stats

File Path                        PID  Runtime      # DAGs    # Errors  Last Runtime    Last Run
-----------------------------  -----  ---------  --------  ----------  --------------  -------------------
/opt/airflow/dags/test_dag.py    273  0.00s             1           0  0.09s           2025-03-13T08:23:19
================================================================================
[2025-03-13T08:24:19.817+0000] {manager.py:893} INFO - 
================================================================================
DAG File Processing Stats

File Path                        PID  Runtime      # DAGs    # Errors  Last Runtime    Last Run
-----------------------------  -----  ---------  --------  ----------  --------------  -------------------
/opt/airflow/dags/test_dag.py    285  0.00s             1           0  0.09s           2025-03-13T08:23:49
================================================================================
[2025-03-13T08:24:47.918+0000] {manager.py:759} INFO - Searching for files in /opt/airflow/dags
[2025-03-13T08:24:47.919+0000] {manager.py:762} INFO - There are 1 files in /opt/airflow/dags
[2025-03-13T08:24:49.933+0000] {manager.py:893} INFO - 
================================================================================
DAG File Processing Stats

File Path                      PID    Runtime      # DAGs    # Errors  Last Runtime    Last Run
-----------------------------  -----  ---------  --------  ----------  --------------  -------------------
/opt/airflow/dags/test_dag.py                           1           0  0.14s           2025-03-13T08:24:19
================================================================================
[2025-03-13T08:25:20.151+0000] {manager.py:893} INFO - 
================================================================================
DAG File Processing Stats

File Path                        PID  Runtime      # DAGs    # Errors  Last Runtime    Last Run
-----------------------------  -----  ---------  --------  ----------  --------------  -------------------
/opt/airflow/dags/test_dag.py    309  0.00s             1           0  0.08s           2025-03-13T08:24:50
================================================================================
[2025-03-13T08:25:50.300+0000] {manager.py:893} INFO - 
================================================================================
DAG File Processing Stats

File Path                        PID  Runtime      # DAGs    # Errors  Last Runtime    Last Run
-----------------------------  -----  ---------  --------  ----------  --------------  -------------------
/opt/airflow/dags/test_dag.py    321  0.00s             1           0  0.08s           2025-03-13T08:25:20
================================================================================
[2025-03-13T08:26:20.420+0000] {manager.py:893} INFO - 
================================================================================
DAG File Processing Stats

File Path                        PID  Runtime      # DAGs    # Errors  Last Runtime    Last Run
-----------------------------  -----  ---------  --------  ----------  --------------  -------------------
/opt/airflow/dags/test_dag.py    333  0.00s             1           0  0.08s           2025-03-13T08:25:50
================================================================================
